0 info it worked if it ends with ok
1 verbose cli [ 'c:\\Program Files\\nodejs\\node.exe',
1 verbose cli   'c:\\Program Files\\nodejs\\node_modules\\npm\\bin\\npm-cli.js',
1 verbose cli   'install',
1 verbose cli   'async' ]
2 info using npm@2.7.4
3 info using node@v0.12.2
4 verbose stack Error: Failed to parse json
4 verbose stack Unexpected token '}' at 34:1
4 verbose stack }
4 verbose stack ^
4 verbose stack     at parseError (c:\Program Files\nodejs\node_modules\npm\node_modules\read-package-json\read-json.js:406:25)
4 verbose stack     at parseJson (c:\Program Files\nodejs\node_modules\npm\node_modules\read-package-json\read-json.js:86:51)
4 verbose stack     at c:\Program Files\nodejs\node_modules\npm\node_modules\read-package-json\read-json.js:60:33
4 verbose stack     at evalmachine.<anonymous>:334:14
4 verbose stack     at c:\Program Files\nodejs\node_modules\npm\node_modules\graceful-fs\graceful-fs.js:102:5
4 verbose stack     at FSReqWrap.oncomplete (evalmachine.<anonymous>:95:15)
5 verbose cwd C:\Users\Patricia\Documents\GitHub\Final_Project
6 error Windows_NT 6.1.7601
7 error argv "c:\\Program Files\\nodejs\\node.exe" "c:\\Program Files\\nodejs\\node_modules\\npm\\bin\\npm-cli.js" "install" "async"
8 error node v0.12.2
9 error npm  v2.7.4
10 error file C:\Users\Patricia\Documents\GitHub\Final_Project\package.json
11 error code EJSONPARSE
12 error Failed to parse json
12 error Unexpected token '}' at 34:1
12 error }
12 error ^
13 error File: C:\Users\Patricia\Documents\GitHub\Final_Project\package.json
14 error Failed to parse package.json data.
14 error package.json must be actual JSON, not just JavaScript.
14 error
14 error This is not a bug in npm.
14 error Tell the package author to fix their package.json file. JSON.parse
15 verbose exit [ 1, true ]
